e:\programming\vs2013\easysimul-repo\easysimul\easysimul\release\vc120.pdb
e:\programming\vs2013\easysimul-repo\easysimul\easysimul\release\uniformnormal3.obj
e:\programming\vs2013\easysimul-repo\easysimul\easysimul\release\simulationnode.obj
e:\programming\vs2013\easysimul-repo\easysimul\easysimul\release\simulationcore.obj
e:\programming\vs2013\easysimul-repo\easysimul\easysimul\release\service.obj
e:\programming\vs2013\easysimul-repo\easysimul\easysimul\release\randomcontroller.obj
e:\programming\vs2013\easysimul-repo\easysimul\easysimul\release\queue.obj
e:\programming\vs2013\easysimul-repo\easysimul\easysimul\release\normal.obj
e:\programming\vs2013\easysimul-repo\easysimul\easysimul\release\main.obj
e:\programming\vs2013\easysimul-repo\easysimul\easysimul\release\lognormal.obj
e:\programming\vs2013\easysimul-repo\easysimul\easysimul\release\generator.obj
e:\programming\vs2013\easysimul-repo\easysimul\easysimul\release\entity.obj
e:\programming\vs2013\easysimul-repo\easysimul\release\easysimul.exe
e:\programming\vs2013\easysimul-repo\easysimul\release\easysimul.pdb
e:\programming\vs2013\easysimul-repo\easysimul\easysimul\release\easysimul.tlog\cl.command.1.tlog
e:\programming\vs2013\easysimul-repo\easysimul\easysimul\release\easysimul.tlog\cl.read.1.tlog
e:\programming\vs2013\easysimul-repo\easysimul\easysimul\release\easysimul.tlog\cl.write.1.tlog
e:\programming\vs2013\easysimul-repo\easysimul\easysimul\release\easysimul.tlog\link.command.1.tlog
e:\programming\vs2013\easysimul-repo\easysimul\easysimul\release\easysimul.tlog\link.read.1.tlog
e:\programming\vs2013\easysimul-repo\easysimul\easysimul\release\easysimul.tlog\link.write.1.tlog
