Build started 13/07/2015 16:34:27.
     1>Project "E:\Programming\VS2013\EasySimul-Repo\EasySimul\EasySimul\EasySimul.vcxproj" on node 2 (Build target(s)).
     1>ClCompile:
         C:\Program Files (x86)\Microsoft Visual Studio 12.0\VC\bin\CL.exe /c /I"../../tclap-1.2.1/include" /ZI /nologo /W3 /WX- /sdl /Od /Oy- /D WIN32 /D _DEBUG /D _CONSOLE /D _LIB /D _UNICODE /D UNICODE /Gm /EHsc /RTC1 /MDd /GS /fp:precise /Zc:wchar_t /Zc:forScope /Fo"Debug\\" /Fd"Debug\vc120.pdb" /Gd /TP /analyze- /errorReport:prompt main.cpp
         main.cpp
     1>e:\programming\vs2013\easysimul-repo\easysimul\easysimul\main.cpp(247): warning C4018: '<' : signed/unsigned mismatch
       Link:
         C:\Program Files (x86)\Microsoft Visual Studio 12.0\VC\bin\link.exe /ERRORREPORT:PROMPT /OUT:"E:\Programming\VS2013\EasySimul-Repo\EasySimul\Debug\EasySimul.exe" /INCREMENTAL /NOLOGO kernel32.lib user32.lib gdi32.lib winspool.lib comdlg32.lib advapi32.lib shell32.lib ole32.lib oleaut32.lib uuid.lib odbc32.lib odbccp32.lib /MANIFEST /MANIFESTUAC:"level='asInvoker' uiAccess='false'" /manifest:embed /DEBUG /PDB:"E:\Programming\VS2013\EasySimul-Repo\EasySimul\Debug\EasySimul.pdb" /SUBSYSTEM:CONSOLE /TLBID:1 /DYNAMICBASE /NXCOMPAT /IMPLIB:"E:\Programming\VS2013\EasySimul-Repo\EasySimul\Debug\EasySimul.lib" /MACHINE:X86 Debug\Entity.obj
         Debug\Generator.obj
         Debug\LogNormal.obj
         Debug\main.obj
         Debug\Normal.obj
         Debug\Queue.obj
         Debug\RandomController.obj
         Debug\Service.obj
         Debug\SimulationCore.obj
         Debug\SimulationNode.obj
         EasySimul.vcxproj -> E:\Programming\VS2013\EasySimul-Repo\EasySimul\Debug\EasySimul.exe
     1>Done Building Project "E:\Programming\VS2013\EasySimul-Repo\EasySimul\EasySimul\EasySimul.vcxproj" (Build target(s)).

Build succeeded.

Time Elapsed 00:00:02.00
