e:\programming\vs2013\easysimul\easysimul\debug\vc120.pdb
e:\programming\vs2013\easysimul\easysimul\debug\vc120.idb
e:\programming\vs2013\easysimul\easysimul\debug\entity.obj
e:\programming\vs2013\easysimul\easysimul\debug\main.obj
e:\programming\vs2013\easysimul\easysimul\debug\queue.obj
e:\programming\vs2013\easysimul\easysimul\debug\service.obj
e:\programming\vs2013\easysimul\easysimul\debug\simulationcore.obj
e:\programming\vs2013\easysimul\easysimul\debug\randomcontroller.obj
e:\programming\vs2013\easysimul\easysimul\debug\generator.obj
e:\programming\vs2013\easysimul-repo\easysimul\easysimul\debug\vc120.pdb
e:\programming\vs2013\easysimul-repo\easysimul\easysimul\debug\vc120.idb
e:\programming\vs2013\easysimul-repo\easysimul\easysimul\debug\entity.obj
e:\programming\vs2013\easysimul-repo\easysimul\easysimul\debug\generator.obj
e:\programming\vs2013\easysimul-repo\easysimul\easysimul\debug\main.obj
e:\programming\vs2013\easysimul-repo\easysimul\easysimul\debug\randomcontroller.obj
e:\programming\vs2013\easysimul-repo\easysimul\easysimul\debug\service.obj
e:\programming\vs2013\easysimul-repo\easysimul\easysimul\debug\simulationcore.obj
e:\programming\vs2013\easysimul-repo\easysimul\easysimul\debug\simulationnode.obj
e:\programming\vs2013\easysimul-repo\easysimul\easysimul\debug\queue.obj
e:\programming\vs2013\easysimul-repo\easysimul\easysimul\debug\lognormal.obj
e:\programming\vs2013\easysimul\debug\easysimul.ilk
e:\programming\vs2013\easysimul\debug\easysimul.exe
e:\programming\vs2013\easysimul\debug\easysimul.pdb
e:\programming\vs2013\easysimul-repo\easysimul\debug\easysimul.pdb
e:\programming\vs2013\easysimul-repo\easysimul\easysimul\debug\easysimul.tlog\cl.command.1.tlog
e:\programming\vs2013\easysimul-repo\easysimul\easysimul\debug\easysimul.tlog\cl.read.1.tlog
e:\programming\vs2013\easysimul-repo\easysimul\easysimul\debug\easysimul.tlog\cl.write.1.tlog
e:\programming\vs2013\easysimul-repo\easysimul\easysimul\debug\easysimul.tlog\link-cvtres.read.1.tlog
e:\programming\vs2013\easysimul-repo\easysimul\easysimul\debug\easysimul.tlog\link-cvtres.write.1.tlog
e:\programming\vs2013\easysimul-repo\easysimul\easysimul\debug\easysimul.tlog\link-rc.read.1.tlog
e:\programming\vs2013\easysimul-repo\easysimul\easysimul\debug\easysimul.tlog\link-rc.write.1.tlog
e:\programming\vs2013\easysimul-repo\easysimul\easysimul\debug\easysimul.tlog\link.command.1.tlog
e:\programming\vs2013\easysimul-repo\easysimul\easysimul\debug\easysimul.tlog\link.read.1.tlog
e:\programming\vs2013\easysimul-repo\easysimul\easysimul\debug\easysimul.tlog\link.write.1.tlog
